<?xml version="1.0" encoding="UTF-8"?>
<testng-results ignored="0" total="1" passed="1" failed="0" skipped="0">
  <reporter-output>
  </reporter-output>
  <suite started-at="2023-01-04T11:20:24 IST" name="Suite" finished-at="2023-01-04T11:20:37 IST" duration-ms="13038">
    <groups>
    </groups>
    <test started-at="2023-01-04T11:20:24 IST" name="E2E_01" finished-at="2023-01-04T11:20:37 IST" duration-ms="13038">
      <class name="com.Automation.TestCases.E2E_01">
        <test-method is-config="true" signature="before()[pri:0, instance:com.Automation.TestCases.E2E_01@6cf0e0ba]" started-at="2023-01-04T11:20:24 IST" name="before" finished-at="2023-01-04T11:20:25 IST" duration-ms="1150" status="PASS">
          <reporter-output>
          </reporter-output>
        </test-method> <!-- before -->
        <test-method signature="test()[pri:0, instance:com.Automation.TestCases.E2E_01@6cf0e0ba]" started-at="2023-01-04T11:20:26 IST" name="test" finished-at="2023-01-04T11:20:37 IST" duration-ms="11456" status="PASS">
          <reporter-output>
          </reporter-output>
        </test-method> <!-- test -->
      </class> <!-- com.Automation.TestCases.E2E_01 -->
    </test> <!-- E2E_01 -->
  </suite> <!-- Suite -->
</testng-results>
