<?xml version="1.0" encoding="UTF-8"?>
<testng-results ignored="0" total="1" passed="1" failed="0" skipped="0">
  <reporter-output>
  </reporter-output>
  <suite started-at="2023-01-24T13:33:20 IST" name="Suite" finished-at="2023-01-24T13:33:38 IST" duration-ms="17542">
    <groups>
    </groups>
    <test started-at="2023-01-24T13:33:20 IST" name="E2E_01" finished-at="2023-01-24T13:33:38 IST" duration-ms="17542">
      <class name="com.Automation.TestCases.E2E_01">
        <test-method is-config="true" signature="before()[pri:0, instance:com.Automation.TestCases.E2E_01@7d8995e]" started-at="2023-01-24T13:33:20 IST" name="before" finished-at="2023-01-24T13:33:21 IST" duration-ms="840" status="PASS">
          <reporter-output>
          </reporter-output>
        </test-method> <!-- before -->
        <test-method signature="test()[pri:0, instance:com.Automation.TestCases.E2E_01@7d8995e]" started-at="2023-01-24T13:33:21 IST" name="test" finished-at="2023-01-24T13:33:38 IST" duration-ms="16339" status="PASS">
          <reporter-output>
          </reporter-output>
        </test-method> <!-- test -->
      </class> <!-- com.Automation.TestCases.E2E_01 -->
    </test> <!-- E2E_01 -->
  </suite> <!-- Suite -->
</testng-results>
